0 info it worked if it ends with ok
1 verbose cli [ 'C:\\Program Files\\nodejs\\node.exe',
1 verbose cli   'C:\\Users\\jairoportela\\AppData\\Roaming\\npm\\node_modules\\npm\\bin\\npm-cli.js',
1 verbose cli   'start' ]
2 info using npm@3.5.1
3 info using node@v4.2.2
4 verbose run-script [ 'prestart', 'start', 'poststart' ]
5 info lifecycle react@1.0.0~prestart: react@1.0.0
6 silly lifecycle react@1.0.0~prestart: no script for prestart, continuing
7 info lifecycle react@1.0.0~start: react@1.0.0
8 verbose lifecycle react@1.0.0~start: unsafe-perm in lifecycle true
9 verbose lifecycle react@1.0.0~start: PATH: C:\Users\jairoportela\AppData\Roaming\npm\node_modules\npm\bin\node-gyp-bin;C:\Users\jairoportela\projects\reactjs\node_modules\.bin;C:\Users\jairoportela\bin;C:\Users\jairoportela\bin;C:\Users\jairoportela\AppData\Local\Programs\Git\mingw64\bin;C:\Users\jairoportela\AppData\Local\Programs\Git\usr\local\bin;C:\Users\jairoportela\AppData\Local\Programs\Git\usr\bin;C:\Users\jairoportela\AppData\Local\Programs\Git\usr\bin;C:\Users\jairoportela\AppData\Local\Programs\Git\mingw64\bin;C:\Users\jairoportela\AppData\Local\Programs\Git\usr\bin;C:\Users\jairoportela\bin;C:\ProgramData\Oracle\Java\javapath;C:\Program Files (x86)\Intel\iCLS Client;C:\Program Files\Intel\iCLS Client;C:\Windows\system32;C:\Windows;C:\Windows\System32\Wbem;C:\Windows\System32\WindowsPowerShell\v1.0;C:\Program Files\Intel\Intel(R) Management Engine Components\DAL;C:\Program Files (x86)\Intel\Intel(R) Management Engine Components\DAL;C:\Program Files\Intel\Intel(R) Management Engine Components\IPT;C:\Program Files (x86)\Intel\Intel(R) Management Engine Components\IPT;C:\Program Files\nodejs;C:\Program Files (x86)\Fuse;C:\Program Files (x86)\Google\Chrome\Application;C:\ProgramData\Oracle\Java\javapath;C:\Program Files (x86)\Intel\iCLS Client;C:\Program Files\Intel\iCLS Client;C:\Windows\system32;C:\Windows;C:\Windows\System32\Wbem;C:\Windows\System32\WindowsPowerShell\v1.0;C:\Program Files\Intel\Intel(R) Management Engine Components\DAL;C:\Program Files (x86)\Intel\Intel(R) Management Engine Components\DAL;C:\Program Files\Intel\Intel(R) Management Engine Components\IPT;C:\Program Files (x86)\Intel\Intel(R) Management Engine Components\IPT;C:\Users\jairoportela\AppData\Local\atom\bin;C:\Users\jairoportela\bin;C:\Users\jairoportela\bin\apache-maven-3.3.9\bin;C:\Users\jairoportela\AppData\Roaming\npm;C:\Users\jairoportela\bin\datamodeler\jdbc\lib;C:\Python27;C:\Users\jairoportela\AppData\Local\Programs\Git\usr\bin\vendor_perl;C:\Users\jairoportela\AppData\Local\Programs\Git\usr\bin\core_perl
10 verbose lifecycle react@1.0.0~start: CWD: C:\Users\jairoportela\projects\reactjs
11 silly lifecycle react@1.0.0~start: Args: [ '/d /s /c', 'webpack-dev-server --progress' ]
12 silly lifecycle react@1.0.0~start: Returned: code: 1  signal: null
13 info lifecycle react@1.0.0~start: Failed to exec start script
14 verbose stack Error: react@1.0.0 start: `webpack-dev-server --progress`
14 verbose stack Exit status 1
14 verbose stack     at EventEmitter.<anonymous> (C:\Users\jairoportela\AppData\Roaming\npm\node_modules\npm\lib\utils\lifecycle.js:232:16)
14 verbose stack     at emitTwo (events.js:87:13)
14 verbose stack     at EventEmitter.emit (events.js:172:7)
14 verbose stack     at ChildProcess.<anonymous> (C:\Users\jairoportela\AppData\Roaming\npm\node_modules\npm\lib\utils\spawn.js:24:14)
14 verbose stack     at emitTwo (events.js:87:13)
14 verbose stack     at ChildProcess.emit (events.js:172:7)
14 verbose stack     at maybeClose (internal/child_process.js:818:16)
14 verbose stack     at Process.ChildProcess._handle.onexit (internal/child_process.js:211:5)
15 verbose pkgid react@1.0.0
16 verbose cwd C:\Users\jairoportela\projects\reactjs
17 error Windows_NT 6.1.7601
18 error argv "C:\\Program Files\\nodejs\\node.exe" "C:\\Users\\jairoportela\\AppData\\Roaming\\npm\\node_modules\\npm\\bin\\npm-cli.js" "start"
19 error node v4.2.2
20 error npm  v3.5.1
21 error code ELIFECYCLE
22 error react@1.0.0 start: `webpack-dev-server --progress`
22 error Exit status 1
23 error Failed at the react@1.0.0 start script 'webpack-dev-server --progress'.
23 error Make sure you have the latest version of node.js and npm installed.
23 error If you do, this is most likely a problem with the react package,
23 error not with npm itself.
23 error Tell the author that this fails on your system:
23 error     webpack-dev-server --progress
23 error You can get information on how to open an issue for this project with:
23 error     npm bugs react
23 error Or if that isn't available, you can get their info via:
23 error     npm owner ls react
23 error There is likely additional logging output above.
24 verbose exit [ 1, true ]
